[GIN-debug] [WARNING] Running in "debug" mode. Switch to "release" mode in production.
 - using env:	export GIN_MODE=release
 - using code:	gin.SetMode(gin.ReleaseMode)

[GIN-debug] GET    /css/*filepath            --> github.com/gin-gonic/gin.(*RouterGroup).createStaticHandler.func1 (3 handlers)
[GIN-debug] HEAD   /css/*filepath            --> github.com/gin-gonic/gin.(*RouterGroup).createStaticHandler.func1 (3 handlers)
[GIN-debug] Loaded HTML Templates (4): 
	- index.html
	- 
	- footer.html
	- header.html

[GIN-debug] POST   /login                    --> main.main.func1 (3 handlers)
[GIN-debug] GET    /api/videos               --> main.main.func2 (4 handlers)
[GIN-debug] POST   /api/videos               --> main.main.func3 (4 handlers)
[GIN-debug] GET    /view/videos              --> github.com/alansuparlan/golang-gin/controller.VideoController.ShowAll-fm (3 handlers)
[GIN-debug] Listening and serving HTTP on :5000
[GIN] 2021/02/16 - 16:10:05 | 404 |         464ns |             ::1 | GET      "/login"
[GIN] 2021/02/16 - 16:16:11 | 200 |     338.549µs |             ::1 | POST     "/login"
[GIN] 2021/02/16 - 16:23:04 | 200 |     752.636µs |             ::1 | GET      "/api/videos"
[GIN] 2021/02/16 - 16:23:12 | 200 |     383.219µs |             ::1 | POST     "/api/videos"
[GIN] 2021/02/16 - 16:23:13 | 200 |     305.442µs |             ::1 | POST     "/api/videos"
[GIN] 2021/02/16 - 16:23:15 | 200 |     794.718µs |             ::1 | POST     "/api/videos"
[GIN] 2021/02/16 - 16:23:38 | 200 |      690.35µs |             ::1 | GET      "/view/videos"
[GIN] 2021/02/16 - 16:24:05 | 200 |     217.723µs |             ::1 | GET      "/api/videos"
